10:33:50 **** Incremental Build of configuration Debug for project Files ****
make all 
Building file: ../buzzer.c
Invoking: AVR Compiler
avr-gcc -I"D:\Learning material\EDGES Embedded Systems\Projects\Car parking assistance System\Files" -Wall -g2 -gstabs -O0 -fpack-struct -fshort-enums -ffunction-sections -fdata-sections -std=gnu99 -funsigned-char -funsigned-bitfields -mmcu=atmega32 -DF_CPU=16000000UL -MMD -MP -MF"buzzer.d" -MT"buzzer.o" -c -o "buzzer.o" "../buzzer.c"
Finished building: ../buzzer.c
 
Building file: ../gpio.c
Invoking: AVR Compiler
avr-gcc -I"D:\Learning material\EDGES Embedded Systems\Projects\Car parking assistance System\Files" -Wall -g2 -gstabs -O0 -fpack-struct -fshort-enums -ffunction-sections -fdata-sections -std=gnu99 -funsigned-char -funsigned-bitfields -mmcu=atmega32 -DF_CPU=16000000UL -MMD -MP -MF"gpio.d" -MT"gpio.o" -c -o "gpio.o" "../gpio.c"
Finished building: ../gpio.c
 
Building file: ../icu.c
Invoking: AVR Compiler
avr-gcc -I"D:\Learning material\EDGES Embedded Systems\Projects\Car parking assistance System\Files" -Wall -g2 -gstabs -O0 -fpack-struct -fshort-enums -ffunction-sections -fdata-sections -std=gnu99 -funsigned-char -funsigned-bitfields -mmcu=atmega32 -DF_CPU=16000000UL -MMD -MP -MF"icu.d" -MT"icu.o" -c -o "icu.o" "../icu.c"
../icu.c: In function 'ICU_setCallBack':
../icu.c:82: warning: function return types not compatible due to 'volatile'
Finished building: ../icu.c
 
Building file: ../lcd.c
Invoking: AVR Compiler
avr-gcc -I"D:\Learning material\EDGES Embedded Systems\Projects\Car parking assistance System\Files" -Wall -g2 -gstabs -O0 -fpack-struct -fshort-enums -ffunction-sections -fdata-sections -std=gnu99 -funsigned-char -funsigned-bitfields -mmcu=atmega32 -DF_CPU=16000000UL -MMD -MP -MF"lcd.d" -MT"lcd.o" -c -o "lcd.o" "../lcd.c"
In file included from ../lcd.c:8:
c:/winavr-20100110/lib/gcc/../../avr/include/util/delay.h:90:3: warning: #warning "Compiler optimizations disabled; functions from <util/delay.h> won't work as designed"
../lcd.c: In function 'LCD_intgerToString':
../lcd.c:205: warning: implicit declaration of function 'itoa'
Finished building: ../lcd.c
 
Building file: ../led.c
Invoking: AVR Compiler
avr-gcc -I"D:\Learning material\EDGES Embedded Systems\Projects\Car parking assistance System\Files" -Wall -g2 -gstabs -O0 -fpack-struct -fshort-enums -ffunction-sections -fdata-sections -std=gnu99 -funsigned-char -funsigned-bitfields -mmcu=atmega32 -DF_CPU=16000000UL -MMD -MP -MF"led.d" -MT"led.o" -c -o "led.o" "../led.c"
Finished building: ../led.c
 
Building file: ../main.c
Invoking: AVR Compiler
avr-gcc -I"D:\Learning material\EDGES Embedded Systems\Projects\Car parking assistance System\Files" -Wall -g2 -gstabs -O0 -fpack-struct -fshort-enums -ffunction-sections -fdata-sections -std=gnu99 -funsigned-char -funsigned-bitfields -mmcu=atmega32 -DF_CPU=16000000UL -MMD -MP -MF"main.d" -MT"main.o" -c -o "main.o" "../main.c"
In file included from ../main.c:16:
c:/winavr-20100110/lib/gcc/../../avr/include/util/delay.h:90:3: warning: #warning "Compiler optimizations disabled; functions from <util/delay.h> won't work as designed"
../main.c: In function 'main':
../main.c:34: warning: implicit declaration of function 'Ultrasonic_init'
../main.c:52: warning: implicit declaration of function 'Ultrasonic_readDistance'
Finished building: ../main.c
 
Building file: ../ultrasonic.c
Invoking: AVR Compiler
avr-gcc -I"D:\Learning material\EDGES Embedded Systems\Projects\Car parking assistance System\Files" -Wall -g2 -gstabs -O0 -fpack-struct -fshort-enums -ffunction-sections -fdata-sections -std=gnu99 -funsigned-char -funsigned-bitfields -mmcu=atmega32 -DF_CPU=16000000UL -MMD -MP -MF"ultrasonic.d" -MT"ultrasonic.o" -c -o "ultrasonic.o" "../ultrasonic.c"
In file included from ../ultrasonic.c:12:
c:/winavr-20100110/lib/gcc/../../avr/include/util/delay.h:90:3: warning: #warning "Compiler optimizations disabled; functions from <util/delay.h> won't work as designed"
Finished building: ../ultrasonic.c
 
Building target: Files.elf
Invoking: AVR C Linker
avr-gcc -Wl,-Map,Files.map -mmcu=atmega32 -o "Files.elf"  ./buzzer.o ./gpio.o ./icu.o ./lcd.o ./led.o ./main.o ./ultrasonic.o   
Finished building target: Files.elf
 
Invoking: AVR Create Extended Listing
avr-objdump -h -S Files.elf  >"Files.lss"
Finished building: Files.lss
 
Invoking: Print Size
avr-size --format=avr --mcu=atmega32 Files.elf
AVR Memory Usage
----------------
Device: atmega32

Program:   13332 bytes (40.7% Full)
(.text + .data + .bootloader)

Data:        313 bytes (15.3% Full)
(.data + .bss + .noinit)


Finished building: sizedummy
 

10:33:53 Build Finished. 0 errors, 7 warnings. (took 2s.693ms)

